# JRE version: OpenJDK Runtime Environment (11.0.12+7) (build 11.0.12+7-b1504.28-7817840)
# Java VM: OpenJDK 64-Bit Server VM (11.0.12+7-b1504.28-7817840, mixed mode, tiered, compressed oops, g1 gc, windows-amd64)
Heap:
 garbage-first heap   total 280576K, used 233290K [0x0000000080000000, 0x0000000100000000)
  region size 1024K, 47 young (48128K), 3 survivors (3072K)
 Metaspace       used 119340K, capacity 122288K, committed 122412K, reserved 1155072K
  class space    used 15087K, capacity 16215K, committed 16256K, reserved 1048576K
GC Heap History (20 events):
Event: 64.060 GC heap before
{Heap before GC invocations=38 (full 0):
 garbage-first heap   total 280576K, used 233927K [0x0000000080000000, 0x0000000100000000)
  region size 1024K, 13 young (13312K), 4 survivors (4096K)
 Metaspace       used 113983K, capacity 116679K, committed 116780K, reserved 1150976K
  class space    used 14400K, capacity 15432K, committed 15488K, reserved 1048576K
}
Event: 64.067 GC heap after
{Heap after GC invocations=39 (full 0):
 garbage-first heap   total 280576K, used 223845K [0x0000000080000000, 0x0000000100000000)
  region size 1024K, 1 young (1024K), 1 survivors (1024K)
 Metaspace       used 113983K, capacity 116679K, committed 116780K, reserved 1150976K
  class space    used 14400K, capacity 15432K, committed 15488K, reserved 1048576K
}
Event: 64.695 GC heap before
{Heap before GC invocations=39 (full 0):
 garbage-first heap   total 280576K, used 242277K [0x0000000080000000, 0x0000000100000000)
  region size 1024K, 19 young (19456K), 1 survivors (1024K)
 Metaspace       used 114074K, capacity 116785K, committed 117036K, reserved 1150976K
  class space    used 14403K, capacity 15467K, committed 15488K, reserved 1048576K
}
Event: 64.698 GC heap after
{Heap after GC invocations=40 (full 0):
 garbage-first heap   total 280576K, used 223859K [0x0000000080000000, 0x0000000100000000)
  region size 1024K, 1 young (1024K), 1 survivors (1024K)
 Metaspace       used 114074K, capacity 116785K, committed 117036K, reserved 1150976K
  class space    used 14403K, capacity 15467K, committed 15488K, reserved 1048576K
}
Event: 65.138 GC heap before
{Heap before GC invocations=40 (full 0):
 garbage-first heap   total 280576K, used 233075K [0x0000000080000000, 0x0000000100000000)
  region size 1024K, 11 young (11264K), 1 survivors (1024K)
 Metaspace       used 114193K, capacity 116955K, committed 117164K, reserved 1150976K
  class space    used 14419K, capacity 15494K, committed 15616K, reserved 1048576K
}
Event: 65.141 GC heap after
{Heap after GC invocations=41 (full 0):
 garbage-first heap   total 280576K, used 223876K [0x0000000080000000, 0x0000000100000000)
  region size 1024K, 1 young (1024K), 1 survivors (1024K)
 Metaspace       used 114193K, capacity 116955K, committed 117164K, reserved 1150976K
  class space    used 14419K, capacity 15494K, committed 15616K, reserved 1048576K
}
Event: 66.545 GC heap before
{Heap before GC invocations=42 (full 0):
 garbage-first heap   total 280576K, used 258587K [0x0000000080000000, 0x0000000100000000)
  region size 1024K, 19 young (19456K), 1 survivors (1024K)
 Metaspace       used 114335K, capacity 117058K, committed 117420K, reserved 1150976K
  class space    used 14434K, capacity 15503K, committed 15616K, reserved 1048576K
}
Event: 66.551 GC heap after
{Heap after GC invocations=43 (full 0):
 garbage-first heap   total 280576K, used 224154K [0x0000000080000000, 0x0000000100000000)
  region size 1024K, 3 young (3072K), 3 survivors (3072K)
 Metaspace       used 114335K, capacity 117058K, committed 117420K, reserved 1150976K
  class space    used 14434K, capacity 15503K, committed 15616K, reserved 1048576K
}
Event: 66.754 GC heap before
{Heap before GC invocations=43 (full 0):
 garbage-first heap   total 280576K, used 233370K [0x0000000080000000, 0x0000000100000000)
  region size 1024K, 13 young (13312K), 3 survivors (3072K)
 Metaspace       used 114489K, capacity 117282K, committed 117420K, reserved 1150976K
  class space    used 14448K, capacity 15535K, committed 15616K, reserved 1048576K
}
Event: 66.772 GC heap after
{Heap after GC invocations=44 (full 0):
 garbage-first heap   total 280576K, used 193687K [0x0000000080000000, 0x0000000100000000)
  region size 1024K, 2 young (2048K), 2 survivors (2048K)
 Metaspace       used 114489K, capacity 117282K, committed 117420K, reserved 1150976K
  class space    used 14448K, capacity 15535K, committed 15616K, reserved 1048576K
}
Event: 66.888 GC heap before
{Heap before GC invocations=44 (full 0):
 garbage-first heap   total 280576K, used 203927K [0x0000000080000000, 0x0000000100000000)
  region size 1024K, 13 young (13312K), 2 survivors (2048K)
 Metaspace       used 114584K, capacity 117346K, committed 117676K, reserved 1150976K
  class space    used 14450K, capacity 15535K, committed 15616K, reserved 1048576K
}
Event: 66.910 GC heap after
{Heap after GC invocations=45 (full 0):
 garbage-first heap   total 280576K, used 181524K [0x0000000080000000, 0x0000000100000000)
  region size 1024K, 1 young (1024K), 1 survivors (1024K)
 Metaspace       used 114584K, capacity 117346K, committed 117676K, reserved 1150976K
  class space    used 14450K, capacity 15535K, committed 15616K, reserved 1048576K
}
Event: 68.241 GC heap before
{Heap before GC invocations=45 (full 0):
 garbage-first heap   total 280576K, used 221460K [0x0000000080000000, 0x0000000100000000)
  region size 1024K, 41 young (41984K), 1 survivors (1024K)
 Metaspace       used 116905K, capacity 119620K, committed 119724K, reserved 1153024K
  class space    used 14725K, capacity 15801K, committed 15872K, reserved 1048576K
}
Event: 68.252 GC heap after
{Heap after GC invocations=46 (full 0):
 garbage-first heap   total 280576K, used 184457K [0x0000000080000000, 0x0000000100000000)
  region size 1024K, 4 young (4096K), 4 survivors (4096K)
 Metaspace       used 116905K, capacity 119620K, committed 119724K, reserved 1153024K
  class space    used 14725K, capacity 15801K, committed 15872K, reserved 1048576K
}
Event: 68.759 GC heap before
{Heap before GC invocations=46 (full 0):
 garbage-first heap   total 280576K, used 227465K [0x0000000080000000, 0x0000000100000000)
  region size 1024K, 45 young (46080K), 4 survivors (4096K)
 Metaspace       used 117129K, capacity 119874K, committed 119980K, reserved 1153024K
  class space    used 14753K, capacity 15842K, committed 15872K, reserved 1048576K
}
Event: 68.763 GC heap after
{Heap after GC invocations=47 (full 0):
 garbage-first heap   total 280576K, used 188030K [0x0000000080000000, 0x0000000100000000)
  region size 1024K, 2 young (2048K), 2 survivors (2048K)
 Metaspace       used 117129K, capacity 119874K, committed 119980K, reserved 1153024K
  class space    used 14753K, capacity 15842K, committed 15872K, reserved 1048576K
}
Event: 69.148 GC heap before
{Heap before GC invocations=47 (full 0):
 garbage-first heap   total 280576K, used 228990K [0x0000000080000000, 0x0000000100000000)
  region size 1024K, 43 young (44032K), 2 survivors (2048K)
 Metaspace       used 117129K, capacity 119874K, committed 119980K, reserved 1153024K
  class space    used 14753K, capacity 15842K, committed 15872K, reserved 1048576K
}
Event: 69.151 GC heap after
{Heap after GC invocations=48 (full 0):
 garbage-first heap   total 280576K, used 188554K [0x0000000080000000, 0x0000000100000000)
  region size 1024K, 2 young (2048K), 2 survivors (2048K)
 Metaspace       used 117129K, capacity 119874K, committed 119980K, reserved 1153024K
  class space    used 14753K, capacity 15842K, committed 15872K, reserved 1048576K
}
Event: 69.560 GC heap before
{Heap before GC invocations=48 (full 0):
 garbage-first heap   total 280576K, used 233610K [0x0000000080000000, 0x0000000100000000)
  region size 1024K, 46 young (47104K), 2 survivors (2048K)
 Metaspace       used 117129K, capacity 119874K, committed 119980K, reserved 1153024K
  class space    used 14753K, capacity 15842K, committed 15872K, reserved 1048576K
}
Event: 69.563 GC heap after
{Heap after GC invocations=49 (full 0):
 garbage-first heap   total 280576K, used 189258K [0x0000000080000000, 0x0000000100000000)
  region size 1024K, 3 young (3072K), 3 survivors (3072K)
 Metaspace       used 117129K, capacity 119874K, committed 119980K, reserved 1153024K
  class space    used 14753K, capacity 15842K, committed 15872K, reserved 1048576K
}

