Heap:
 garbage-first heap   total 262144K, used 139540K [0x0000000080000000, 0x0000000100000000)
  region size 1024K, 52 young (53248K), 13 survivors (13312K)
 Metaspace       used 99269K, capacity 101819K, committed 102060K, reserved 1138688K
  class space    used 12842K, capacity 13775K, committed 13824K, reserved 1048576K
GC Heap History (20 events):
Event: 6.259 GC heap before
{Heap before GC invocations=6 (full 0):
 garbage-first heap   total 262144K, used 136775K [0x0000000080000000, 0x0000000100000000)
  region size 1024K, 115 young (117760K), 6 survivors (6144K)
 Metaspace       used 44406K, capacity 45499K, committed 45824K, reserved 1089536K
  class space    used 5687K, capacity 6059K, committed 6144K, reserved 1048576K
}
Event: 6.273 GC heap after
{Heap after GC invocations=7 (full 0):
 garbage-first heap   total 262144K, used 29466K [0x0000000080000000, 0x0000000100000000)
  region size 1024K, 13 young (13312K), 13 survivors (13312K)
 Metaspace       used 44406K, capacity 45499K, committed 45824K, reserved 1089536K
  class space    used 5687K, capacity 6059K, committed 6144K, reserved 1048576K
}
Event: 8.622 GC heap before
{Heap before GC invocations=7 (full 0):
 garbage-first heap   total 262144K, used 175898K [0x0000000080000000, 0x0000000100000000)
  region size 1024K, 148 young (151552K), 13 survivors (13312K)
 Metaspace       used 52728K, capacity 54053K, committed 54144K, reserved 1095680K
  class space    used 6737K, capacity 7208K, committed 7296K, reserved 1048576K
}
Event: 8.639 GC heap after
{Heap after GC invocations=8 (full 0):
 garbage-first heap   total 262144K, used 50135K [0x0000000080000000, 0x0000000100000000)
  region size 1024K, 19 young (19456K), 19 survivors (19456K)
 Metaspace       used 52728K, capacity 54053K, committed 54144K, reserved 1095680K
  class space    used 6737K, capacity 7208K, committed 7296K, reserved 1048576K
}
Event: 9.566 GC heap before
{Heap before GC invocations=8 (full 0):
 garbage-first heap   total 262144K, used 89047K [0x0000000080000000, 0x0000000100000000)
  region size 1024K, 58 young (59392K), 19 survivors (19456K)
 Metaspace       used 58252K, capacity 59752K, committed 59948K, reserved 1101824K
  class space    used 7428K, capacity 7975K, committed 8064K, reserved 1048576K
}
Event: 9.591 GC heap after
{Heap after GC invocations=9 (full 0):
 garbage-first heap   total 262144K, used 53071K [0x0000000080000000, 0x0000000100000000)
  region size 1024K, 3 young (3072K), 3 survivors (3072K)
 Metaspace       used 58252K, capacity 59752K, committed 59948K, reserved 1101824K
  class space    used 7428K, capacity 7975K, committed 8064K, reserved 1048576K
}
Event: 12.060 GC heap before
{Heap before GC invocations=10 (full 0):
 garbage-first heap   total 262144K, used 149327K [0x0000000080000000, 0x0000000100000000)
  region size 1024K, 97 young (99328K), 3 survivors (3072K)
 Metaspace       used 67696K, capacity 69356K, committed 69548K, reserved 1110016K
  class space    used 8599K, capacity 9198K, committed 9216K, reserved 1048576K
}
Event: 12.069 GC heap after
{Heap after GC invocations=11 (full 0):
 garbage-first heap   total 262144K, used 58176K [0x0000000080000000, 0x0000000100000000)
  region size 1024K, 8 young (8192K), 8 survivors (8192K)
 Metaspace       used 67696K, capacity 69356K, committed 69548K, reserved 1110016K
  class space    used 8599K, capacity 9198K, committed 9216K, reserved 1048576K
}
Event: 13.707 GC heap before
{Heap before GC invocations=12 (full 0):
 garbage-first heap   total 262144K, used 159552K [0x0000000080000000, 0x0000000100000000)
  region size 1024K, 107 young (109568K), 8 survivors (8192K)
 Metaspace       used 73974K, capacity 75652K, committed 75692K, reserved 1114112K
  class space    used 9589K, capacity 10219K, committed 10240K, reserved 1048576K
}
Event: 13.724 GC heap after
{Heap after GC invocations=13 (full 0):
 garbage-first heap   total 262144K, used 65831K [0x0000000080000000, 0x0000000100000000)
  region size 1024K, 14 young (14336K), 14 survivors (14336K)
 Metaspace       used 73974K, capacity 75652K, committed 75692K, reserved 1114112K
  class space    used 9589K, capacity 10219K, committed 10240K, reserved 1048576K
}
Event: 16.928 GC heap before
{Heap before GC invocations=13 (full 0):
 garbage-first heap   total 262144K, used 169255K [0x0000000080000000, 0x0000000100000000)
  region size 1024K, 115 young (117760K), 14 survivors (14336K)
 Metaspace       used 81208K, capacity 83075K, committed 83244K, reserved 1122304K
  class space    used 10616K, capacity 11322K, committed 11392K, reserved 1048576K
}
Event: 16.960 GC heap after
{Heap after GC invocations=14 (full 0):
 garbage-first heap   total 262144K, used 73127K [0x0000000080000000, 0x0000000100000000)
  region size 1024K, 15 young (15360K), 15 survivors (15360K)
 Metaspace       used 81208K, capacity 83075K, committed 83244K, reserved 1122304K
  class space    used 10616K, capacity 11322K, committed 11392K, reserved 1048576K
}
Event: 19.128 GC heap before
{Heap before GC invocations=14 (full 0):
 garbage-first heap   total 262144K, used 178599K [0x0000000080000000, 0x0000000100000000)
  region size 1024K, 118 young (120832K), 15 survivors (15360K)
 Metaspace       used 86423K, capacity 88553K, committed 88620K, reserved 1126400K
  class space    used 11333K, capacity 12131K, committed 12160K, reserved 1048576K
}
Event: 19.151 GC heap after
{Heap after GC invocations=15 (full 0):
 garbage-first heap   total 262144K, used 80886K [0x0000000080000000, 0x0000000100000000)
  region size 1024K, 15 young (15360K), 15 survivors (15360K)
 Metaspace       used 86423K, capacity 88553K, committed 88620K, reserved 1126400K
  class space    used 11333K, capacity 12131K, committed 12160K, reserved 1048576K
}
Event: 21.612 GC heap before
{Heap before GC invocations=15 (full 0):
 garbage-first heap   total 262144K, used 185334K [0x0000000080000000, 0x0000000100000000)
  region size 1024K, 118 young (120832K), 15 survivors (15360K)
 Metaspace       used 89141K, capacity 91403K, committed 91436K, reserved 1128448K
  class space    used 11570K, capacity 12393K, committed 12416K, reserved 1048576K
}
Event: 21.638 GC heap after
{Heap after GC invocations=16 (full 0):
 garbage-first heap   total 262144K, used 88764K [0x0000000080000000, 0x0000000100000000)
  region size 1024K, 9 young (9216K), 9 survivors (9216K)
 Metaspace       used 89141K, capacity 91403K, committed 91436K, reserved 1128448K
  class space    used 11570K, capacity 12393K, committed 12416K, reserved 1048576K
}
Event: 22.607 GC heap before
{Heap before GC invocations=16 (full 0):
 garbage-first heap   total 262144K, used 192188K [0x0000000080000000, 0x0000000100000000)
  region size 1024K, 111 young (113664K), 9 survivors (9216K)
 Metaspace       used 92286K, capacity 94458K, committed 94636K, reserved 1130496K
  class space    used 11948K, capacity 12781K, committed 12800K, reserved 1048576K
}
Event: 22.638 GC heap after
{Heap after GC invocations=17 (full 0):
 garbage-first heap   total 262144K, used 93184K [0x0000000080000000, 0x0000000100000000)
  region size 1024K, 5 young (5120K), 5 survivors (5120K)
 Metaspace       used 92286K, capacity 94458K, committed 94636K, reserved 1130496K
  class space    used 11948K, capacity 12781K, committed 12800K, reserved 1048576K
}
Event: 28.878 GC heap before
{Heap before GC invocations=17 (full 0):
 garbage-first heap   total 262144K, used 198656K [0x0000000080000000, 0x0000000100000000)
  region size 1024K, 109 young (111616K), 5 survivors (5120K)
 Metaspace       used 96365K, capacity 98700K, committed 98732K, reserved 1134592K
  class space    used 12400K, capacity 13280K, committed 13312K, reserved 1048576K
}
Event: 28.896 GC heap after
{Heap after GC invocations=18 (full 0):
 garbage-first heap   total 262144K, used 100628K [0x0000000080000000, 0x0000000100000000)
  region size 1024K, 13 young (13312K), 13 survivors (13312K)
 Metaspace       used 96365K, capacity 98700K, committed 98732K, reserved 1134592K
  class space    used 12400K, capacity 13280K, committed 13312K, reserved 1048576K
}

