# JRE version: OpenJDK Runtime Environment (11.0.12+7) (build 11.0.12+7-b1504.28-7817840)
# Java VM: OpenJDK 64-Bit Server VM (11.0.12+7-b1504.28-7817840, mixed mode, tiered, compressed oops, g1 gc, windows-amd64)
Heap:
 garbage-first heap   total 262144K, used 191333K [0x0000000080000000, 0x0000000100000000)
  region size 1024K, 38 young (38912K), 2 survivors (2048K)
 Metaspace       used 111023K, capacity 113840K, committed 113964K, reserved 1148928K
  class space    used 14137K, capacity 15135K, committed 15232K, reserved 1048576K
GC Heap History (20 events):
Event: 489.378 GC heap before
{Heap before GC invocations=26 (full 0):
 garbage-first heap   total 262144K, used 130720K [0x0000000080000000, 0x0000000100000000)
  region size 1024K, 14 young (14336K), 12 survivors (12288K)
 Metaspace       used 103493K, capacity 106010K, committed 106156K, reserved 1140736K
  class space    used 13093K, capacity 14014K, committed 14080K, reserved 1048576K
}
Event: 489.409 GC heap after
{Heap after GC invocations=27 (full 0):
 garbage-first heap   total 262144K, used 127661K [0x0000000080000000, 0x0000000100000000)
  region size 1024K, 1 young (1024K), 1 survivors (1024K)
 Metaspace       used 103493K, capacity 106010K, committed 106156K, reserved 1140736K
  class space    used 13093K, capacity 14014K, committed 14080K, reserved 1048576K
}
Event: 491.768 GC heap before
{Heap before GC invocations=28 (full 0):
 garbage-first heap   total 262144K, used 169645K [0x0000000080000000, 0x0000000100000000)
  region size 1024K, 43 young (44032K), 1 survivors (1024K)
 Metaspace       used 103560K, capacity 106050K, committed 106412K, reserved 1142784K
  class space    used 13044K, capacity 13926K, committed 14080K, reserved 1048576K
}
Event: 491.774 GC heap after
{Heap after GC invocations=29 (full 0):
 garbage-first heap   total 262144K, used 124928K [0x0000000080000000, 0x0000000100000000)
  region size 1024K, 6 young (6144K), 6 survivors (6144K)
 Metaspace       used 103560K, capacity 106050K, committed 106412K, reserved 1142784K
  class space    used 13044K, capacity 13926K, committed 14080K, reserved 1048576K
}
Event: 527.645 GC heap before
{Heap before GC invocations=29 (full 0):
 garbage-first heap   total 262144K, used 175104K [0x0000000080000000, 0x0000000100000000)
  region size 1024K, 56 young (57344K), 6 survivors (6144K)
 Metaspace       used 103782K, capacity 106236K, committed 106668K, reserved 1142784K
  class space    used 13050K, capacity 13936K, committed 14080K, reserved 1048576K
}
Event: 527.659 GC heap after
{Heap after GC invocations=30 (full 0):
 garbage-first heap   total 262144K, used 123180K [0x0000000080000000, 0x0000000100000000)
  region size 1024K, 3 young (3072K), 3 survivors (3072K)
 Metaspace       used 103782K, capacity 106236K, committed 106668K, reserved 1142784K
  class space    used 13050K, capacity 13936K, committed 14080K, reserved 1048576K
}
Event: 528.450 GC heap before
{Heap before GC invocations=31 (full 0):
 garbage-first heap   total 262144K, used 174380K [0x0000000080000000, 0x0000000100000000)
  region size 1024K, 62 young (63488K), 3 survivors (3072K)
 Metaspace       used 105206K, capacity 107718K, committed 107820K, reserved 1142784K
  class space    used 13217K, capacity 14139K, committed 14208K, reserved 1048576K
}
Event: 528.462 GC heap after
{Heap after GC invocations=32 (full 0):
 garbage-first heap   total 262144K, used 120483K [0x0000000080000000, 0x0000000100000000)
  region size 1024K, 8 young (8192K), 8 survivors (8192K)
 Metaspace       used 105206K, capacity 107718K, committed 107820K, reserved 1142784K
  class space    used 13217K, capacity 14139K, committed 14208K, reserved 1048576K
}
Event: 528.476 GC heap before
{Heap before GC invocations=32 (full 0):
 garbage-first heap   total 262144K, used 123555K [0x0000000080000000, 0x0000000100000000)
  region size 1024K, 12 young (12288K), 8 survivors (8192K)
 Metaspace       used 105208K, capacity 107718K, committed 107820K, reserved 1142784K
  class space    used 13217K, capacity 14139K, committed 14208K, reserved 1048576K
}
Event: 528.490 GC heap after
{Heap after GC invocations=33 (full 0):
 garbage-first heap   total 262144K, used 110905K [0x0000000080000000, 0x0000000100000000)
  region size 1024K, 1 young (1024K), 1 survivors (1024K)
 Metaspace       used 105208K, capacity 107718K, committed 107820K, reserved 1142784K
  class space    used 13217K, capacity 14139K, committed 14208K, reserved 1048576K
}
Event: 528.711 GC heap before
{Heap before GC invocations=33 (full 0):
 garbage-first heap   total 262144K, used 181561K [0x0000000080000000, 0x0000000100000000)
  region size 1024K, 70 young (71680K), 1 survivors (1024K)
 Metaspace       used 105208K, capacity 107718K, committed 107820K, reserved 1142784K
  class space    used 13217K, capacity 14139K, committed 14208K, reserved 1048576K
}
Event: 528.716 GC heap after
{Heap after GC invocations=34 (full 0):
 garbage-first heap   total 262144K, used 111527K [0x0000000080000000, 0x0000000100000000)
  region size 1024K, 2 young (2048K), 2 survivors (2048K)
 Metaspace       used 105208K, capacity 107718K, committed 107820K, reserved 1142784K
  class space    used 13217K, capacity 14139K, committed 14208K, reserved 1048576K
}
Event: 529.227 GC heap before
{Heap before GC invocations=34 (full 0):
 garbage-first heap   total 262144K, used 188327K [0x0000000080000000, 0x0000000100000000)
  region size 1024K, 77 young (78848K), 2 survivors (2048K)
 Metaspace       used 105245K, capacity 107790K, committed 108076K, reserved 1142784K
  class space    used 13218K, capacity 14140K, committed 14208K, reserved 1048576K
}
Event: 529.230 GC heap after
{Heap after GC invocations=35 (full 0):
 garbage-first heap   total 262144K, used 111060K [0x0000000080000000, 0x0000000100000000)
  region size 1024K, 3 young (3072K), 3 survivors (3072K)
 Metaspace       used 105245K, capacity 107790K, committed 108076K, reserved 1142784K
  class space    used 13218K, capacity 14140K, committed 14208K, reserved 1048576K
}
Event: 529.461 GC heap before
{Heap before GC invocations=35 (full 0):
 garbage-first heap   total 262144K, used 136660K [0x0000000080000000, 0x0000000100000000)
  region size 1024K, 21 young (21504K), 3 survivors (3072K)
 Metaspace       used 105608K, capacity 108221K, committed 108332K, reserved 1142784K
  class space    used 13257K, capacity 14188K, committed 14208K, reserved 1048576K
}
Event: 529.468 GC heap after
{Heap after GC invocations=36 (full 0):
 garbage-first heap   total 262144K, used 123680K [0x0000000080000000, 0x0000000100000000)
  region size 1024K, 7 young (7168K), 7 survivors (7168K)
 Metaspace       used 105608K, capacity 108221K, committed 108332K, reserved 1142784K
  class space    used 13257K, capacity 14188K, committed 14208K, reserved 1048576K
}
Event: 530.154 GC heap before
{Heap before GC invocations=37 (full 0):
 garbage-first heap   total 262144K, used 215840K [0x0000000080000000, 0x0000000100000000)
  region size 1024K, 67 young (68608K), 7 survivors (7168K)
 Metaspace       used 108617K, capacity 111244K, committed 111404K, reserved 1146880K
  class space    used 13657K, capacity 14601K, committed 14720K, reserved 1048576K
}
Event: 530.172 GC heap after
{Heap after GC invocations=38 (full 0):
 garbage-first heap   total 262144K, used 154877K [0x0000000080000000, 0x0000000100000000)
  region size 1024K, 9 young (9216K), 9 survivors (9216K)
 Metaspace       used 108617K, capacity 111244K, committed 111404K, reserved 1146880K
  class space    used 13657K, capacity 14601K, committed 14720K, reserved 1048576K
}
Event: 530.196 GC heap before
{Heap before GC invocations=38 (full 0):
 garbage-first heap   total 262144K, used 158973K [0x0000000080000000, 0x0000000100000000)
  region size 1024K, 12 young (12288K), 9 survivors (9216K)
 Metaspace       used 108617K, capacity 111244K, committed 111404K, reserved 1146880K
  class space    used 13657K, capacity 14601K, committed 14720K, reserved 1048576K
}
Event: 530.216 GC heap after
{Heap after GC invocations=39 (full 0):
 garbage-first heap   total 262144K, used 156517K [0x0000000080000000, 0x0000000100000000)
  region size 1024K, 2 young (2048K), 2 survivors (2048K)
 Metaspace       used 108617K, capacity 111244K, committed 111404K, reserved 1146880K
  class space    used 13657K, capacity 14601K, committed 14720K, reserved 1048576K
}

